# JRE version: OpenJDK Runtime Environment Temurin-17.0.6+10 (17.0.6+10) (build 17.0.6+10)
# Java VM: OpenJDK 64-Bit Server VM Temurin-17.0.6+10 (17.0.6+10, mixed mode, emulated-client, tiered, compressed oops, compressed class ptrs, g1 gc, windows-amd64)
GC Precious Log:
 CPUs: 4 total, 4 available
 Memory: 8073M
 Large Page Support: Disabled
 NUMA Support: Disabled
 Compressed Oops: Enabled (32-bit)
 Heap Region Size: 1M
 Heap Min Capacity: 8M
 Heap Initial Capacity: 128M
 Heap Max Capacity: 1G
 Pre-touch: Disabled
 Parallel Workers: 4
 Concurrent Workers: 1
 Concurrent Refinement Workers: 4
 Periodic GC: Disabled
Heap:
 garbage-first heap   total 365568K, used 209881K [0x00000000c0000000, 0x0000000100000000)
  region size 1024K, 6 young (6144K), 6 survivors (6144K)
 Metaspace       used 53006K, committed 53440K, reserved 1097728K
  class space    used 6679K, committed 6912K, reserved 1048576K
GC Heap History (20 events):
Event: 20.537 GC heap after
{Heap after GC invocations=39 (full 0):
 garbage-first heap   total 363520K, used 171008K [0x00000000c0000000, 0x0000000100000000)
  region size 1024K, 15 young (15360K), 15 survivors (15360K)
 Metaspace       used 53005K, committed 53440K, reserved 1097728K
  class space    used 6679K, committed 6912K, reserved 1048576K
}
Event: 20.851 GC heap before
{Heap before GC invocations=39 (full 0):
 garbage-first heap   total 363520K, used 305152K [0x00000000c0000000, 0x0000000100000000)
  region size 1024K, 147 young (150528K), 15 survivors (15360K)
 Metaspace       used 53006K, committed 53440K, reserved 1097728K
  class space    used 6679K, committed 6912K, reserved 1048576K
}
Event: 20.863 GC heap after
{Heap after GC invocations=40 (full 0):
 garbage-first heap   total 363520K, used 177056K [0x00000000c0000000, 0x0000000100000000)
  region size 1024K, 13 young (13312K), 13 survivors (13312K)
 Metaspace       used 53006K, committed 53440K, reserved 1097728K
  class space    used 6679K, committed 6912K, reserved 1048576K
}
Event: 21.175 GC heap before
{Heap before GC invocations=40 (full 0):
 garbage-first heap   total 363520K, used 307104K [0x00000000c0000000, 0x0000000100000000)
  region size 1024K, 141 young (144384K), 13 survivors (13312K)
 Metaspace       used 53006K, committed 53440K, reserved 1097728K
  class space    used 6679K, committed 6912K, reserved 1048576K
}
Event: 21.187 GC heap after
{Heap after GC invocations=41 (full 0):
 garbage-first heap   total 363520K, used 183982K [0x00000000c0000000, 0x0000000100000000)
  region size 1024K, 13 young (13312K), 13 survivors (13312K)
 Metaspace       used 53006K, committed 53440K, reserved 1097728K
  class space    used 6679K, committed 6912K, reserved 1048576K
}
Event: 21.515 GC heap before
{Heap before GC invocations=41 (full 0):
 garbage-first heap   total 363520K, used 307886K [0x00000000c0000000, 0x0000000100000000)
  region size 1024K, 135 young (138240K), 13 survivors (13312K)
 Metaspace       used 53006K, committed 53440K, reserved 1097728K
  class space    used 6679K, committed 6912K, reserved 1048576K
}
Event: 21.525 GC heap after
{Heap after GC invocations=42 (full 0):
 garbage-first heap   total 363520K, used 190264K [0x00000000c0000000, 0x0000000100000000)
  region size 1024K, 13 young (13312K), 13 survivors (13312K)
 Metaspace       used 53006K, committed 53440K, reserved 1097728K
  class space    used 6679K, committed 6912K, reserved 1048576K
}
Event: 21.693 GC heap before
{Heap before GC invocations=43 (full 0):
 garbage-first heap   total 363520K, used 326456K [0x00000000c0000000, 0x0000000100000000)
  region size 1024K, 130 young (133120K), 13 survivors (13312K)
 Metaspace       used 53006K, committed 53440K, reserved 1097728K
  class space    used 6679K, committed 6912K, reserved 1048576K
}
Event: 21.702 GC heap after
{Heap after GC invocations=44 (full 0):
 garbage-first heap   total 363520K, used 195072K [0x00000000c0000000, 0x0000000100000000)
  region size 1024K, 11 young (11264K), 11 survivors (11264K)
 Metaspace       used 53006K, committed 53440K, reserved 1097728K
  class space    used 6679K, committed 6912K, reserved 1048576K
}
Event: 21.712 GC heap before
{Heap before GC invocations=44 (full 0):
 garbage-first heap   total 363520K, used 200192K [0x00000000c0000000, 0x0000000100000000)
  region size 1024K, 17 young (17408K), 11 survivors (11264K)
 Metaspace       used 53006K, committed 53440K, reserved 1097728K
  class space    used 6679K, committed 6912K, reserved 1048576K
}
Event: 21.721 GC heap after
{Heap after GC invocations=45 (full 0):
 garbage-first heap   total 363520K, used 192504K [0x00000000c0000000, 0x0000000100000000)
  region size 1024K, 2 young (2048K), 2 survivors (2048K)
 Metaspace       used 53006K, committed 53440K, reserved 1097728K
  class space    used 6679K, committed 6912K, reserved 1048576K
}
Event: 22.074 GC heap before
{Heap before GC invocations=45 (full 0):
 garbage-first heap   total 363520K, used 310264K [0x00000000c0000000, 0x0000000100000000)
  region size 1024K, 118 young (120832K), 2 survivors (2048K)
 Metaspace       used 53006K, committed 53440K, reserved 1097728K
  class space    used 6679K, committed 6912K, reserved 1048576K
}
Event: 22.081 GC heap after
{Heap after GC invocations=46 (full 0):
 garbage-first heap   total 363520K, used 196422K [0x00000000c0000000, 0x0000000100000000)
  region size 1024K, 6 young (6144K), 6 survivors (6144K)
 Metaspace       used 53006K, committed 53440K, reserved 1097728K
  class space    used 6679K, committed 6912K, reserved 1048576K
}
Event: 22.313 GC heap before
{Heap before GC invocations=46 (full 0):
 garbage-first heap   total 363520K, used 311110K [0x00000000c0000000, 0x0000000100000000)
  region size 1024K, 119 young (121856K), 6 survivors (6144K)
 Metaspace       used 53006K, committed 53440K, reserved 1097728K
  class space    used 6679K, committed 6912K, reserved 1048576K
}
Event: 22.319 GC heap after
{Heap after GC invocations=47 (full 0):
 garbage-first heap   total 363520K, used 202217K [0x00000000c0000000, 0x0000000100000000)
  region size 1024K, 12 young (12288K), 12 survivors (12288K)
 Metaspace       used 53006K, committed 53440K, reserved 1097728K
  class space    used 6679K, committed 6912K, reserved 1048576K
}
Event: 22.557 GC heap before
{Heap before GC invocations=48 (full 0):
 garbage-first heap   total 365568K, used 310761K [0x00000000c0000000, 0x0000000100000000)
  region size 1024K, 119 young (121856K), 12 survivors (12288K)
 Metaspace       used 53006K, committed 53440K, reserved 1097728K
  class space    used 6679K, committed 6912K, reserved 1048576K
}
Event: 22.566 GC heap after
{Heap after GC invocations=49 (full 0):
 garbage-first heap   total 365568K, used 207843K [0x00000000c0000000, 0x0000000100000000)
  region size 1024K, 12 young (12288K), 12 survivors (12288K)
 Metaspace       used 53006K, committed 53440K, reserved 1097728K
  class space    used 6679K, committed 6912K, reserved 1048576K
}
Event: 22.573 GC heap before
{Heap before GC invocations=49 (full 0):
 garbage-first heap   total 365568K, used 211939K [0x00000000c0000000, 0x0000000100000000)
  region size 1024K, 17 young (17408K), 12 survivors (12288K)
 Metaspace       used 53006K, committed 53440K, reserved 1097728K
  class space    used 6679K, committed 6912K, reserved 1048576K
}
Event: 22.582 GC heap after
{Heap after GC invocations=50 (full 0):
 garbage-first heap   total 365568K, used 205824K [0x00000000c0000000, 0x0000000100000000)
  region size 1024K, 2 young (2048K), 2 survivors (2048K)
 Metaspace       used 53006K, committed 53440K, reserved 1097728K
  class space    used 6679K, committed 6912K, reserved 1048576K
}
Event: 22.843 GC heap before
{Heap before GC invocations=50 (full 0):
 garbage-first heap   total 365568K, used 313344K [0x00000000c0000000, 0x0000000100000000)
  region size 1024K, 108 young (110592K), 2 survivors (2048K)
 Metaspace       used 53006K, committed 53440K, reserved 1097728K
  class space    used 6679K, committed 6912K, reserved 1048576K
}

